<?xml version="1.0" encoding="utf-8"?><testsuites><testsuite name="pytest" errors="0" failures="0" skipped="0" tests="3" time="0.091" timestamp="2021-10-04T09:01:47.214094" hostname="GHINLC1ATJVF"><testcase classname="tests.test_lib" name="test_hello_world_lib" time="0.002" /><testcase classname="tests.test_lib" name="test_hello_mcu_lib" time="0.001" /><testcase classname="tests.test_lib" name="test_say_hello_lib" time="0.002" /></testsuite></testsuites>