<?xml version="1.0" encoding="utf-8"?><testsuites><testsuite name="pytest" errors="0" failures="0" skipped="0" tests="6" time="0.217" timestamp="2021-10-04T08:48:12.456476" hostname="GHINLC1ATJVF"><testcase classname="lib_template.sub_module_1.tests.test_sub_module_1" name="test_hello_world" time="0.006" /><testcase classname="lib_template.sub_module_2.tests.test_sub_module_2" name="test_hello_mcu" time="0.004" /><testcase classname="lib_template.tests.test_module" name="test_say_hello" time="0.007" /><testcase classname="tests.test_lib" name="test_hello_world_lib" time="0.003" /><testcase classname="tests.test_lib" name="test_hello_mcu_lib" time="0.003" /><testcase classname="tests.test_lib" name="test_say_hello_lib" time="0.005" /></testsuite></testsuites>